0 info it worked if it ends with ok
1 verbose cli [ '/usr/local/bin/node', '/usr/local/bin/npm', 'start' ]
2 info using npm@3.10.10
3 info using node@v6.11.0
4 verbose run-script [ 'prestart', 'start', 'poststart' ]
5 info lifecycle ntask-api@1.0.0~prestart: ntask-api@1.0.0
6 silly lifecycle ntask-api@1.0.0~prestart: no script for prestart, continuing
7 info lifecycle ntask-api@1.0.0~start: ntask-api@1.0.0
8 verbose lifecycle ntask-api@1.0.0~start: unsafe-perm in lifecycle true
9 verbose lifecycle ntask-api@1.0.0~start: PATH: /usr/local/lib/node_modules/npm/bin/node-gyp-bin:/Users/test/Desktop/ntaskApi/ntask-api/node_modules/.bin:/Users/test/.rvm/gems/ruby-2.0.0-p648/bin:/Users/test/.rvm/gems/ruby-2.0.0-p648@global/bin:/Users/test/.rvm/rubies/ruby-2.0.0-p648/bin:/usr/local/bin:/usr/bin:/bin:/usr/sbin:/sbin:/usr/local/mysql/bin/mysql:b0VIM 7.3:/usr/local/mysql/bin/mysql:/Users/test/.rvm/bin
10 verbose lifecycle ntask-api@1.0.0~start: CWD: /Users/test/Desktop/ntaskApi/ntask-api
11 silly lifecycle ntask-api@1.0.0~start: Args: [ '-c', 'babel-node index.js' ]
12 silly lifecycle ntask-api@1.0.0~start: Returned: code: 1  signal: null
13 info lifecycle ntask-api@1.0.0~start: Failed to exec start script
14 verbose stack Error: ntask-api@1.0.0 start: `babel-node index.js`
14 verbose stack Exit status 1
14 verbose stack     at EventEmitter.<anonymous> (/usr/local/lib/node_modules/npm/lib/utils/lifecycle.js:255:16)
14 verbose stack     at emitTwo (events.js:106:13)
14 verbose stack     at EventEmitter.emit (events.js:191:7)
14 verbose stack     at ChildProcess.<anonymous> (/usr/local/lib/node_modules/npm/lib/utils/spawn.js:40:14)
14 verbose stack     at emitTwo (events.js:106:13)
14 verbose stack     at ChildProcess.emit (events.js:191:7)
14 verbose stack     at maybeClose (internal/child_process.js:891:16)
14 verbose stack     at Process.ChildProcess._handle.onexit (internal/child_process.js:226:5)
15 verbose pkgid ntask-api@1.0.0
16 verbose cwd /Users/test/Desktop/ntaskApi/ntask-api
17 error Darwin 16.6.0
18 error argv "/usr/local/bin/node" "/usr/local/bin/npm" "start"
19 error node v6.11.0
20 error npm  v3.10.10
21 error code ELIFECYCLE
22 error ntask-api@1.0.0 start: `babel-node index.js`
22 error Exit status 1
23 error Failed at the ntask-api@1.0.0 start script 'babel-node index.js'.
23 error Make sure you have the latest version of node.js and npm installed.
23 error If you do, this is most likely a problem with the ntask-api package,
23 error not with npm itself.
23 error Tell the author that this fails on your system:
23 error     babel-node index.js
23 error You can get information on how to open an issue for this project with:
23 error     npm bugs ntask-api
23 error Or if that isn't available, you can get their info via:
23 error     npm owner ls ntask-api
23 error There is likely additional logging output above.
24 verbose exit [ 1, true ]
